<?xml version="1.0" encoding="UTF-8"?>
<!-- Generated by org.testng.reporters.JUnitReportReporter -->
<testsuite hostname="WIN-M4ALLFSO9QO" name="test.drugi.DrugiTest" tests="1" failures="0" timestamp="25 Nov 2016 14:20:16 GMT" time="0.085" errors="0">
  <testcase name="test" time="0.085" classname="test.drugi.DrugiTest"/>
</testsuite> <!-- test.drugi.DrugiTest -->
