<?xml version="1.0" encoding="UTF-8"?>
<!-- Generated by org.testng.reporters.JUnitReportReporter -->
<testsuite hostname="WIN-M4ALLFSO9QO" name="test.registration.RegTest" tests="1" failures="0" timestamp="2 Dec 2016 14:52:55 GMT" time="14.660" errors="0">
  <testcase name="f" time="14.660" classname="test.registration.RegTest"/>
</testsuite> <!-- test.registration.RegTest -->
